<component name="libraryTable">
  <library name="junit:junit:4.5" type="repository">
    <properties maven-id="junit:junit:4.5" />
    <CLASSES>
      <root url="jar://$MAVEN_REPOSITORY$/junit/junit/4.5/junit-4.5.jar!/" />
    </CLASSES>
    <JAVADOC />
    <SOURCES />
  </library>
</component>